Arguments: 
  /home/rohitner/.nvm/versions/node/v8.9.4/bin/node /usr/share/yarn/bin/yarn.js start

PATH: 
  /home/rohitner/anaconda/bin:/opt/ros/kinetic/bin:/home/rohitner/julia-d386e40c17/bin:/home/rohitner/.nvm/versions/node/v8.9.4/bin:/home/rohitner/.rbenv/shims:/home/rohitner/bin:/home/rohitner/.local/bin:/usr/local/sbin:/usr/local/bin:/usr/sbin:/usr/bin:/sbin:/bin:/usr/games:/usr/local/games:/snap/bin

Yarn version: 
  1.5.1

Node version: 
  8.9.4

Platform: 
  linux x64

npm manifest: 
  No manifest

yarn manifest: 
  No manifest

Lockfile: 
  No lockfile

Trace: 
  Error: Couldn't find a package.json file in "/home/rohitner/SCT2018"
      at new MessageError (/usr/share/yarn/lib/cli.js:186:110)
      at /usr/share/yarn/lib/cli.js:40048:15
      at Generator.next (<anonymous>)
      at step (/usr/share/yarn/lib/cli.js:98:30)
      at /usr/share/yarn/lib/cli.js:109:13
      at <anonymous>
